TN:
SF:script/Counter.s.sol
DA:10,0
FN:10,CounterScript.setUp
FNDA:0,CounterScript.setUp
DA:12,0
FN:12,CounterScript.run
FNDA:0,CounterScript.run
DA:13,0
DA:15,0
DA:17,0
FNF:2
FNH:0
LF:5
LH:0
BRF:0
BRH:0
end_of_record
TN:
SF:src/Counter.sol
DA:7,258
FN:7,Counter.setNumber
FNDA:258,Counter.setNumber
DA:8,258
DA:11,1
FN:11,Counter.increment
FNDA:1,Counter.increment
DA:12,1
FNF:2
FNH:2
LF:4
LH:4
BRF:0
BRH:0
end_of_record
TN:
SF:src/core/UniswapV2ERC20.sol
DA:21,148
FN:21,UniswapV2ERC20.constructor
FNDA:148,UniswapV2ERC20.constructor
DA:22,148
DA:24,0
DA:26,148
DA:37,190
FN:37,UniswapV2ERC20._mint
FNDA:190,UniswapV2ERC20._mint
DA:38,190
DA:39,190
DA:40,190
DA:43,13
FN:43,UniswapV2ERC20._burn
FNDA:13,UniswapV2ERC20._burn
DA:44,13
BRDA:44,0,0,-
BRDA:44,0,1,-
DA:45,13
DA:46,12
DA:47,12
DA:50,14
FN:50,UniswapV2ERC20._approve
FNDA:14,UniswapV2ERC20._approve
DA:51,14
DA:52,14
DA:55,130
FN:55,UniswapV2ERC20._transfer
FNDA:130,UniswapV2ERC20._transfer
DA:56,130
BRDA:56,1,0,-
BRDA:56,1,1,-
DA:57,128
BRDA:57,2,0,-
BRDA:57,2,1,128
DA:58,0
DA:60,128
DA:61,128
DA:62,128
DA:66,9
FN:66,UniswapV2ERC20.approve
FNDA:9,UniswapV2ERC20.approve
DA:67,9
DA:68,9
DA:71,120
FN:71,UniswapV2ERC20.transfer
FNDA:120,UniswapV2ERC20.transfer
DA:72,120
DA:73,119
DA:76,11
FN:76,UniswapV2ERC20.transferFrom
FNDA:11,UniswapV2ERC20.transferFrom
DA:77,11
BRDA:77,3,0,8
DA:78,8
BRDA:78,4,0,-
BRDA:78,4,1,-
DA:79,8
DA:81,11
DA:82,9
DA:85,8
FN:85,UniswapV2ERC20.permit
FNDA:8,UniswapV2ERC20.permit
DA:86,8
BRDA:86,5,0,-
BRDA:86,5,1,-
DA:87,8
DA:94,8
DA:95,7
BRDA:95,6,0,7
BRDA:95,6,1,7
DA:96,7
FNF:9
FNH:9
LF:41
LH:39
BRF:13
BRH:4
end_of_record
TN:
SF:src/core/UniswapV2Factory.sol
DA:14,70
FN:14,UniswapV2Factory.constructor
FNDA:70,UniswapV2Factory.constructor
DA:15,70
DA:18,1
FN:18,UniswapV2Factory.allPairsLength
FNDA:1,UniswapV2Factory.allPairsLength
DA:19,1
DA:22,64
FN:22,UniswapV2Factory.createPair
FNDA:64,UniswapV2Factory.createPair
DA:23,64
BRDA:23,0,0,-
BRDA:23,0,1,-
DA:24,62
DA:25,62
BRDA:25,1,0,-
BRDA:25,1,1,-
DA:26,60
BRDA:26,2,0,-
BRDA:26,2,1,-
DA:27,58
DA:28,58
DA:30,0
DA:32,58
DA:33,58
DA:34,58
DA:35,58
DA:36,58
DA:39,9
FN:39,UniswapV2Factory.setFeeTo
FNDA:9,UniswapV2Factory.setFeeTo
DA:40,9
BRDA:40,3,0,-
BRDA:40,3,1,-
DA:41,9
DA:44,3
FN:44,UniswapV2Factory.setFeeToSetter
FNDA:3,UniswapV2Factory.setFeeToSetter
DA:45,3
BRDA:45,4,0,-
BRDA:45,4,1,-
DA:46,3
FNF:5
FNH:5
LF:23
LH:22
BRF:10
BRH:0
end_of_record
TN:
SF:src/core/UniswapV2Pair.sol
DA:32,16
FN:32,UniswapV2Pair.lock
FNDA:16,UniswapV2Pair.lock
DA:33,16
BRDA:33,0,0,-
BRDA:33,0,1,-
DA:34,16
DA:36,11
DA:39,129
FN:39,UniswapV2Pair.getReserves
FNDA:129,UniswapV2Pair.getReserves
DA:40,129
DA:41,129
DA:42,129
DA:45,50
FN:45,UniswapV2Pair._safeTransfer
FNDA:50,UniswapV2Pair._safeTransfer
DA:46,50
DA:47,50
BRDA:47,1,0,50
BRDA:47,1,1,50
DA:50,58
FN:50,UniswapV2Pair.constructor
FNDA:58,UniswapV2Pair.constructor
DA:51,58
DA:55,59
FN:55,UniswapV2Pair.initialize
FNDA:59,UniswapV2Pair.initialize
DA:56,59
BRDA:56,2,0,-
BRDA:56,2,1,-
DA:57,59
DA:58,59
DA:62,90
FN:62,UniswapV2Pair._update
FNDA:90,UniswapV2Pair._update
DA:63,90
BRDA:63,3,0,90
BRDA:63,3,1,89
DA:64,89
DA:65,89
DA:66,89
BRDA:66,4,0,4
DA:68,4
DA:69,4
DA:71,90
DA:72,90
DA:73,90
DA:77,69
FN:77,UniswapV2Pair._mintFee
FNDA:69,UniswapV2Pair._mintFee
DA:78,69
DA:79,69
DA:80,69
DA:81,14
BRDA:81,5,0,14
BRDA:81,5,1,-
DA:82,14
BRDA:82,6,0,7
DA:83,7
DA:84,7
DA:85,7
BRDA:85,7,0,1
DA:86,1
DA:87,1
DA:88,1
DA:89,1
BRDA:89,8,0,1
DA:92,55
BRDA:92,9,0,-
DA:93,0
DA:98,57
FN:98,UniswapV2Pair.mint
FNDA:57,UniswapV2Pair.mint
DA:99,57
DA:100,57
DA:101,57
DA:102,57
DA:103,57
DA:105,57
DA:106,57
DA:107,57
BRDA:107,10,0,52
BRDA:107,10,1,5
DA:108,52
DA:109,52
DA:111,5
DA:113,56
BRDA:113,11,0,-
BRDA:113,11,1,-
DA:114,52
DA:116,52
DA:117,12
BRDA:117,12,0,12
DA:118,52
DA:122,12
FN:122,UniswapV2Pair.burn
FNDA:12,UniswapV2Pair.burn
DA:123,12
DA:124,12
DA:125,12
DA:126,12
DA:127,12
DA:128,12
DA:130,12
DA:131,12
DA:132,12
DA:133,12
DA:134,12
BRDA:134,13,0,12
BRDA:134,13,1,11
DA:135,12
DA:136,12
DA:137,12
DA:138,11
DA:139,11
DA:141,11
DA:142,2
BRDA:142,14,0,2
DA:143,11
DA:147,16
FN:147,UniswapV2Pair.swap
FNDA:16,UniswapV2Pair.swap
DA:148,16
BRDA:148,15,0,16
BRDA:148,15,1,10
DA:149,16
DA:150,16
BRDA:150,16,0,16
BRDA:150,16,1,15
DA:152,15
DA:153,15
DA:155,15
DA:156,15
DA:157,15
BRDA:157,17,0,15
BRDA:157,17,1,14
DA:158,0
BRDA:158,18,0,4
DA:159,14
BRDA:159,19,0,10
DA:160,14
BRDA:160,20,0,1
DA:161,13
DA:162,13
DA:164,13
DA:165,13
DA:166,13
BRDA:166,21,0,13
BRDA:166,21,1,4
DA:168,12
DA:169,12
DA:170,12
BRDA:170,22,0,-
BRDA:170,22,1,-
DA:173,13
DA:174,13
DA:178,7
FN:178,UniswapV2Pair.skim
FNDA:7,UniswapV2Pair.skim
DA:179,7
DA:180,7
DA:181,7
DA:182,7
DA:186,12
FN:186,UniswapV2Pair.sync
FNDA:12,UniswapV2Pair.sync
DA:187,12
FNF:12
FNH:12
LF:108
LH:106
BRF:36
BRH:26
end_of_record
TN:
SF:src/core/libraries/Math.sol
DA:7,5
FN:7,Math.min
FNDA:5,Math.min
DA:8,5
DA:12,66
FN:12,Math.sqrt
FNDA:66,Math.sqrt
DA:13,66
BRDA:13,0,0,66
BRDA:13,0,1,-
DA:14,66
DA:15,66
DA:16,4469
DA:17,4403
DA:18,4403
DA:20,0
BRDA:20,1,0,-
DA:21,0
FNF:2
FNH:2
LF:11
LH:9
BRF:3
BRH:1
end_of_record
TN:
SF:src/core/libraries/SafeMath.sol
DA:7,643
FN:7,SafeMath.add
FNDA:643,SafeMath.add
DA:8,643
BRDA:8,0,0,-
BRDA:8,0,1,-
DA:11,536
FN:11,SafeMath.sub
FNDA:536,SafeMath.sub
DA:12,536
BRDA:12,1,0,-
BRDA:12,1,1,-
DA:15,193
FN:15,SafeMath.mul
FNDA:193,SafeMath.mul
DA:16,193
BRDA:16,2,0,193
BRDA:16,2,1,193
FNF:3
FNH:3
LF:6
LH:6
BRF:6
BRH:2
end_of_record
TN:
SF:src/core/libraries/UQ112x112.sol
DA:13,8
FN:13,UQ112x112.encode
FNDA:8,UQ112x112.encode
DA:14,8
DA:18,8
FN:18,UQ112x112.uqdiv
FNDA:8,UQ112x112.uqdiv
DA:19,8
FNF:2
FNH:2
LF:4
LH:4
BRF:0
BRH:0
end_of_record
TN:
SF:src/core/test/ERC20.sol
DA:7,72
FN:7,ERC20.constructor
FNDA:72,ERC20.constructor
DA:8,72
FNF:1
FNH:1
LF:2
LH:2
BRF:0
BRH:0
end_of_record
TN:
SF:src/libraries/Babylonian.sol
DA:7,0
FN:7,Babylonian.sqrt
FNDA:0,Babylonian.sqrt
DA:8,0
BRDA:8,0,0,-
BRDA:8,0,1,-
DA:9,0
DA:10,0
DA:11,0
DA:12,0
DA:13,0
DA:15,0
BRDA:15,1,0,-
DA:16,0
FNF:1
FNH:0
LF:9
LH:0
BRF:3
BRH:0
end_of_record
TN:
SF:src/libraries/FixedPoint.sol
DA:17,0
FN:17,FixedPoint.encode
FNDA:0,FixedPoint.encode
DA:18,0
BRDA:18,0,0,-
BRDA:18,0,1,-
DA:19,0
DA:21,0
DA:22,0
DA:23,0
DA:24,0
DA:25,0
BRDA:25,2,0,-
DA:26,0
DA:27,0
DA:29,0
BRDA:29,3,0,-
DA:30,0
DA:31,0
DA:33,0
BRDA:33,4,0,-
DA:34,0
DA:35,0
DA:37,0
BRDA:37,5,0,-
DA:38,0
DA:39,0
DA:41,0
BRDA:41,6,0,-
DA:42,0
DA:43,0
DA:45,0
BRDA:45,7,0,-
DA:46,0
DA:47,0
DA:49,0
BRDA:49,8,0,-
DA:50,0
DA:51,0
DA:53,0
BRDA:53,9,0,-
DA:54,0
DA:55,0
DA:57,0
DA:59,0
DA:60,0
DA:64,0
FN:64,FixedPoint.decode
FNDA:0,FixedPoint.decode
DA:65,0
DA:66,0
FNF:2
FNH:0
LF:37
LH:0
BRF:10
BRH:0
end_of_record
TN:
SF:src/libraries/Math.sol
DA:7,0
FN:7,Math.min
FNDA:0,Math.min
DA:8,0
DA:12,0
FN:12,Math.sqrt
FNDA:0,Math.sqrt
DA:13,0
BRDA:13,0,0,-
BRDA:13,0,1,-
DA:14,0
DA:15,0
DA:16,0
DA:17,0
DA:18,0
DA:20,0
BRDA:20,1,0,-
DA:21,0
FNF:2
FNH:0
LF:11
LH:0
BRF:3
BRH:0
end_of_record
TN:
SF:src/libraries/SafeMath.sol
DA:7,0
FN:7,SafeMath.add
FNDA:0,SafeMath.add
DA:8,0
BRDA:8,0,0,-
BRDA:8,0,1,-
DA:11,0
FN:11,SafeMath.sub
FNDA:0,SafeMath.sub
DA:12,0
BRDA:12,1,0,-
BRDA:12,1,1,-
DA:15,0
FN:15,SafeMath.mul
FNDA:0,SafeMath.mul
DA:16,0
BRDA:16,2,0,-
BRDA:16,2,1,-
FNF:3
FNH:0
LF:6
LH:0
BRF:6
BRH:0
end_of_record
TN:
SF:src/libraries/TransferHelper.sol
DA:8,0
FN:8,TransferHelper.safeApprove
FNDA:0,TransferHelper.safeApprove
DA:14,0
DA:15,0
BRDA:15,0,0,-
BRDA:15,0,1,-
DA:21,0
FN:21,TransferHelper.safeTransfer
FNDA:0,TransferHelper.safeTransfer
DA:27,0
DA:28,0
BRDA:28,1,0,-
BRDA:28,1,1,-
DA:34,0
FN:34,TransferHelper.safeTransferFrom
FNDA:0,TransferHelper.safeTransferFrom
DA:41,0
DA:42,0
BRDA:42,2,0,-
BRDA:42,2,1,-
DA:48,0
FN:48,TransferHelper.safeTransferETH
FNDA:0,TransferHelper.safeTransferETH
DA:49,0
DA:50,0
BRDA:50,3,0,-
BRDA:50,3,1,-
FNF:4
FNH:0
LF:12
LH:0
BRF:8
BRH:0
end_of_record
TN:
SF:src/libraries/UQ112x112.sol
DA:13,0
FN:13,UQ112x112.encode
FNDA:0,UQ112x112.encode
DA:14,0
DA:18,0
FN:18,UQ112x112.uqdiv
FNDA:0,UQ112x112.uqdiv
DA:19,0
FNF:2
FNH:0
LF:4
LH:0
BRF:0
BRH:0
end_of_record
TN:
SF:src/periphery/UniswapV2Migrator.sol
DA:16,0
FN:16,UniswapV2Migrator.constructor
FNDA:0,UniswapV2Migrator.constructor
DA:17,0
DA:18,0
DA:25,0
FN:25,UniswapV2Migrator.migrate
FNDA:0,UniswapV2Migrator.migrate
DA:29,0
DA:30,0
DA:31,0
BRDA:31,0,0,-
BRDA:31,0,1,-
DA:32,0
DA:33,0
DA:34,0
DA:42,0
BRDA:42,1,0,-
BRDA:42,1,1,-
DA:43,0
DA:44,0
DA:45,0
BRDA:45,2,0,-
DA:47,0
FNF:2
FNH:0
LF:15
LH:0
BRF:5
BRH:0
end_of_record
TN:
SF:src/periphery/UniswapV2Router02.sol
DA:17,2
FN:17,UniswapV2Router02.ensure
FNDA:2,UniswapV2Router02.ensure
DA:18,2
BRDA:18,0,0,-
BRDA:18,0,1,-
DA:22,35
FN:22,UniswapV2Router02.constructor
FNDA:35,UniswapV2Router02.constructor
DA:23,35
DA:24,35
DA:27,8
FN:27,UniswapV2Router02.receive
FNDA:8,UniswapV2Router02.receive
DA:28,8
DA:32,25
FN:32,UniswapV2Router02._addLiquidity
FNDA:25,UniswapV2Router02._addLiquidity
DA:41,25
BRDA:41,1,0,24
DA:42,24
DA:44,24
DA:45,24
BRDA:45,2,0,23
BRDA:45,2,1,1
DA:46,23
DA:48,1
DA:49,1
BRDA:49,3,0,-
BRDA:49,3,1,1
DA:50,0
BRDA:50,4,0,-
BRDA:50,4,1,-
DA:51,0
DA:53,1
DA:54,1
DA:55,1
BRDA:55,5,0,-
BRDA:55,5,1,-
DA:56,0
DA:61,13
FN:61,UniswapV2Router02.addLiquidity
FNDA:13,UniswapV2Router02.addLiquidity
DA:71,13
DA:72,11
DA:73,11
DA:74,13
DA:75,13
DA:78,12
FN:78,UniswapV2Router02.addLiquidityETH
FNDA:12,UniswapV2Router02.addLiquidityETH
DA:86,12
DA:94,12
DA:95,12
DA:96,12
DA:97,12
DA:98,12
DA:100,12
BRDA:100,6,0,-
DA:104,7
FN:104,UniswapV2Router02.removeLiquidity
FNDA:7,UniswapV2Router02.removeLiquidity
DA:113,7
DA:114,7
DA:115,7
DA:116,7
DA:117,7
DA:118,7
BRDA:118,7,0,-
BRDA:118,7,1,-
DA:119,7
BRDA:119,8,0,-
BRDA:119,8,1,-
DA:122,2
FN:122,UniswapV2Router02.removeLiquidityETH
FNDA:2,UniswapV2Router02.removeLiquidityETH
DA:130,2
DA:139,2
DA:140,2
DA:141,2
DA:144,1
FN:144,UniswapV2Router02.removeLiquidityWithPermit
FNDA:1,UniswapV2Router02.removeLiquidityWithPermit
DA:154,1
DA:155,1
DA:156,0
DA:157,1
DA:160,1
FN:160,UniswapV2Router02.removeLiquidityETHWithPermit
FNDA:1,UniswapV2Router02.removeLiquidityETHWithPermit
DA:169,1
DA:170,1
DA:171,0
DA:172,1
DA:176,2
FN:176,UniswapV2Router02.removeLiquidityETHSupportingFeeOnTransferTokens
FNDA:2,UniswapV2Router02.removeLiquidityETHSupportingFeeOnTransferTokens
DA:184,2
DA:193,2
DA:194,2
DA:195,2
DA:198,1
FN:198,UniswapV2Router02.removeLiquidityETHWithPermitSupportingFeeOnTransferTokens
FNDA:1,UniswapV2Router02.removeLiquidityETHWithPermitSupportingFeeOnTransferTokens
DA:207,1
DA:208,1
DA:209,0
DA:210,1
DA:217,6
FN:217,UniswapV2Router02._swap
FNDA:6,UniswapV2Router02._swap
DA:218,6
DA:219,6
DA:220,6
DA:221,6
DA:222,6
DA:223,6
DA:224,4
DA:225,4
DA:229,3
FN:229,UniswapV2Router02.swapExactTokensForTokens
FNDA:3,UniswapV2Router02.swapExactTokensForTokens
DA:236,3
DA:237,2
BRDA:237,9,0,-
BRDA:237,9,1,-
DA:238,3
DA:241,3
DA:244,2
FN:244,UniswapV2Router02.swapTokensForExactTokens
FNDA:2,UniswapV2Router02.swapTokensForExactTokens
DA:251,2
DA:252,2
BRDA:252,10,0,-
BRDA:252,10,1,-
DA:253,2
DA:256,2
DA:259,2
FN:259,UniswapV2Router02.swapExactETHForTokens
FNDA:2,UniswapV2Router02.swapExactETHForTokens
DA:265,2
BRDA:265,11,0,-
BRDA:265,11,1,-
DA:266,1
DA:267,1
BRDA:267,12,0,-
BRDA:267,12,1,-
DA:268,1
DA:269,1
DA:270,1
DA:273,1
FN:273,UniswapV2Router02.swapTokensForExactETH
FNDA:1,UniswapV2Router02.swapTokensForExactETH
DA:280,1
BRDA:280,13,0,-
BRDA:280,13,1,-
DA:281,1
DA:282,1
BRDA:282,14,0,-
BRDA:282,14,1,-
DA:283,1
DA:286,1
DA:287,1
DA:288,1
DA:291,1
FN:291,UniswapV2Router02.swapExactTokensForETH
FNDA:1,UniswapV2Router02.swapExactTokensForETH
DA:298,1
BRDA:298,15,0,-
BRDA:298,15,1,-
DA:299,1
DA:300,1
BRDA:300,16,0,-
BRDA:300,16,1,-
DA:301,1
DA:304,1
DA:305,1
DA:306,1
DA:309,2
FN:309,UniswapV2Router02.swapETHForExactTokens
FNDA:2,UniswapV2Router02.swapETHForExactTokens
DA:315,2
BRDA:315,17,0,-
BRDA:315,17,1,-
DA:316,2
DA:317,2
BRDA:317,18,0,-
BRDA:317,18,1,-
DA:318,2
DA:319,1
DA:320,1
DA:322,1
BRDA:322,19,0,1
DA:327,3
FN:327,UniswapV2Router02._swapSupportingFeeOnTransferTokens
FNDA:3,UniswapV2Router02._swapSupportingFeeOnTransferTokens
DA:328,3
DA:329,3
DA:330,3
DA:331,3
DA:332,3
DA:333,3
DA:335,3
DA:336,3
DA:338,3
DA:339,3
BRDA:339,20,0,2
BRDA:339,20,1,-
DA:340,2
DA:341,2
DA:343,1
DA:344,1
DA:348,3
DA:349,3
DA:350,3
DA:354,1
FN:354,UniswapV2Router02.swapExactTokensForTokensSupportingFeeOnTransferTokens
FNDA:1,UniswapV2Router02.swapExactTokensForTokensSupportingFeeOnTransferTokens
DA:361,1
DA:364,1
DA:365,1
DA:366,1
BRDA:366,21,0,1
BRDA:366,21,1,-
DA:372,1
FN:372,UniswapV2Router02.swapExactETHForTokensSupportingFeeOnTransferTokens
FNDA:1,UniswapV2Router02.swapExactETHForTokensSupportingFeeOnTransferTokens
DA:378,1
BRDA:378,22,0,-
BRDA:378,22,1,-
DA:379,1
DA:380,1
DA:381,1
DA:382,1
DA:383,1
DA:384,1
BRDA:384,23,0,1
BRDA:384,23,1,-
DA:390,1
FN:390,UniswapV2Router02.swapExactTokensForETHSupportingFeeOnTransferTokens
FNDA:1,UniswapV2Router02.swapExactTokensForETHSupportingFeeOnTransferTokens
DA:397,1
BRDA:397,24,0,-
BRDA:397,24,1,-
DA:398,1
DA:401,1
DA:402,1
DA:403,1
BRDA:403,25,0,-
BRDA:403,25,1,-
DA:404,1
DA:405,1
DA:409,1
FN:409,UniswapV2Router02.quote
FNDA:1,UniswapV2Router02.quote
DA:410,1
DA:413,1
FN:413,UniswapV2Router02.getAmountOut
FNDA:1,UniswapV2Router02.getAmountOut
DA:420,1
DA:423,1
FN:423,UniswapV2Router02.getAmountIn
FNDA:1,UniswapV2Router02.getAmountIn
DA:430,1
DA:433,1
FN:433,UniswapV2Router02.getAmountsOut
FNDA:1,UniswapV2Router02.getAmountsOut
DA:440,1
DA:443,1
FN:443,UniswapV2Router02.getAmountsIn
FNDA:1,UniswapV2Router02.getAmountsIn
DA:450,1
DA:454,0
FN:454,UniswapV2Router02.getAmountsForLiquidity
FNDA:0,UniswapV2Router02.getAmountsForLiquidity
DA:462,0
FNF:29
FNH:28
LF:169
LH:161
BRF:49
BRH:8
end_of_record
TN:
SF:src/periphery/libraries/Babylonian.sol
DA:7,0
FN:7,Babylonian.sqrt
FNDA:0,Babylonian.sqrt
DA:8,0
BRDA:8,0,0,-
BRDA:8,0,1,-
DA:9,0
DA:10,0
DA:11,0
DA:12,0
DA:13,0
DA:15,0
BRDA:15,1,0,-
DA:16,0
FNF:1
FNH:0
LF:9
LH:0
BRF:3
BRH:0
end_of_record
TN:
SF:src/periphery/libraries/FixedPoint.sol
DA:23,0
FN:23,FixedPoint.encode
FNDA:0,FixedPoint.encode
DA:24,0
DA:28,0
FN:28,FixedPoint.encode144
FNDA:0,FixedPoint.encode144
DA:29,0
DA:33,0
FN:33,FixedPoint.div
FNDA:0,FixedPoint.div
DA:34,0
BRDA:34,0,0,-
BRDA:34,0,1,-
DA:35,0
DA:40,0
FN:40,FixedPoint.mul
FNDA:0,FixedPoint.mul
DA:41,0
DA:42,0
BRDA:42,1,0,-
BRDA:42,1,1,-
DA:43,0
DA:48,0
FN:48,FixedPoint.fraction
FNDA:0,FixedPoint.fraction
DA:49,0
BRDA:49,2,0,-
BRDA:49,2,1,-
DA:50,0
DA:54,0
FN:54,FixedPoint.decode
FNDA:0,FixedPoint.decode
DA:55,0
DA:59,0
FN:59,FixedPoint.decode144
FNDA:0,FixedPoint.decode144
DA:60,0
FNF:7
FNH:0
LF:18
LH:0
BRF:6
BRH:0
end_of_record
TN:
SF:src/periphery/libraries/FullMath.sol
DA:7,0
FN:7,FullMath.fullMul
FNDA:0,FullMath.fullMul
DA:8,0
DA:9,0
DA:10,0
DA:11,0
BRDA:11,0,0,-
DA:14,0
FN:14,FullMath.fullDiv
FNDA:0,FullMath.fullDiv
DA:17,0
DA:18,0
DA:19,0
DA:20,0
DA:21,0
DA:22,0
DA:23,0
DA:24,0
DA:25,0
DA:26,0
DA:27,0
DA:28,0
DA:29,0
DA:32,0
FN:32,FullMath.mulDiv
FNDA:0,FullMath.mulDiv
DA:35,0
DA:36,0
DA:37,0
BRDA:37,1,0,-
DA:38,0
DA:39,0
DA:40,0
BRDA:40,3,0,-
BRDA:40,3,1,-
DA:41,0
FNF:3
FNH:0
LF:27
LH:0
BRF:4
BRH:0
end_of_record
TN:
SF:src/periphery/libraries/SafeMath.sol
DA:7,0
FN:7,SafeMath.add
FNDA:0,SafeMath.add
DA:8,0
BRDA:8,0,0,-
BRDA:8,0,1,-
DA:11,0
FN:11,SafeMath.sub
FNDA:0,SafeMath.sub
DA:12,0
BRDA:12,1,0,-
BRDA:12,1,1,-
DA:15,0
FN:15,SafeMath.mul
FNDA:0,SafeMath.mul
DA:16,0
BRDA:16,2,0,-
BRDA:16,2,1,-
FNF:3
FNH:0
LF:6
LH:0
BRF:6
BRH:0
end_of_record
TN:
SF:src/periphery/libraries/TransferHelper.sol
DA:6,0
FN:6,TransferHelper.safeApprove
FNDA:0,TransferHelper.safeApprove
DA:8,0
DA:9,0
BRDA:9,0,0,-
BRDA:9,0,1,-
DA:12,4
FN:12,TransferHelper.safeTransfer
FNDA:4,TransferHelper.safeTransfer
DA:14,4
DA:15,4
BRDA:15,1,0,4
BRDA:15,1,1,4
DA:18,40
FN:18,TransferHelper.safeTransferFrom
FNDA:40,TransferHelper.safeTransferFrom
DA:20,40
DA:21,40
BRDA:21,2,0,40
BRDA:21,2,1,40
DA:24,8
FN:24,TransferHelper.safeTransferETH
FNDA:8,TransferHelper.safeTransferETH
DA:25,8
DA:26,8
BRDA:26,3,0,-
BRDA:26,3,1,-
FNF:4
FNH:3
LF:12
LH:9
BRF:8
BRH:4
end_of_record
TN:
SF:src/periphery/libraries/UniswapV2Library.sol
DA:9,141
FN:9,UniswapV2Library.sortTokens
FNDA:141,UniswapV2Library.sortTokens
DA:10,141
BRDA:10,0,0,-
BRDA:10,0,1,-
DA:11,140
DA:12,140
BRDA:12,1,0,-
BRDA:12,1,1,-
DA:16,88
FN:16,UniswapV2Library.pairFor
FNDA:88,UniswapV2Library.pairFor
DA:17,88
DA:18,88
DA:27,37
FN:27,UniswapV2Library.getReserves
FNDA:37,UniswapV2Library.getReserves
DA:28,37
DA:29,37
DA:30,36
DA:34,3
FN:34,UniswapV2Library.quote
FNDA:3,UniswapV2Library.quote
DA:35,3
BRDA:35,2,0,-
BRDA:35,2,1,-
DA:36,2
BRDA:36,3,0,2
BRDA:36,3,1,2
DA:37,3
DA:41,9
FN:41,UniswapV2Library.getAmountOut
FNDA:9,UniswapV2Library.getAmountOut
DA:42,9
BRDA:42,4,0,-
BRDA:42,4,1,-
DA:43,9
BRDA:43,5,0,9
BRDA:43,5,1,9
DA:44,9
DA:45,9
DA:46,9
DA:47,9
DA:51,7
FN:51,UniswapV2Library.getAmountIn
FNDA:7,UniswapV2Library.getAmountIn
DA:52,7
BRDA:52,6,0,-
BRDA:52,6,1,-
DA:53,7
BRDA:53,7,0,7
BRDA:53,7,1,7
DA:54,7
BRDA:54,8,0,-
BRDA:54,8,1,-
DA:55,7
DA:56,7
DA:57,7
DA:61,6
FN:61,UniswapV2Library.getAmountsOut
FNDA:6,UniswapV2Library.getAmountsOut
DA:66,6
BRDA:66,9,0,-
BRDA:66,9,1,-
DA:67,6
DA:68,6
DA:69,6
DA:70,6
DA:71,5
BRDA:71,10,0,5
BRDA:71,10,1,5
DA:72,6
DA:77,6
FN:77,UniswapV2Library.getAmountsIn
FNDA:6,UniswapV2Library.getAmountsIn
DA:82,6
BRDA:82,11,0,-
BRDA:82,11,1,-
DA:83,6
DA:84,6
DA:85,6
DA:86,6
DA:87,6
BRDA:87,12,0,6
BRDA:87,12,1,6
DA:88,6
FNF:8
FNH:8
LF:45
LH:45
BRF:26
BRH:10
end_of_record
TN:
SF:src/periphery/libraries/UniswapV2LiquidityMathLibrary.sol
DA:16,0
FN:16,UniswapV2LiquidityMathLibrary.computeProfitMaximizingTrade
FNDA:0,UniswapV2LiquidityMathLibrary.computeProfitMaximizingTrade
DA:22,0
DA:24,0
DA:26,0
DA:30,0
DA:32,0
DA:35,0
DA:39,0
FN:39,UniswapV2LiquidityMathLibrary.getReservesAfterArbitrage
FNDA:0,UniswapV2LiquidityMathLibrary.getReservesAfterArbitrage
DA:47,0
DA:49,0
BRDA:49,1,0,-
BRDA:49,1,1,-
DA:52,0
DA:54,0
BRDA:54,2,0,-
DA:55,0
DA:59,0
BRDA:59,3,0,-
BRDA:59,3,1,-
DA:60,0
DA:61,0
DA:62,0
DA:64,0
DA:65,0
DA:66,0
DA:71,0
FN:71,UniswapV2LiquidityMathLibrary.computeLiquidityValue
FNDA:0,UniswapV2LiquidityMathLibrary.computeLiquidityValue
DA:79,0
BRDA:79,4,0,-
DA:80,0
DA:81,0
DA:82,0
BRDA:82,5,0,-
DA:83,0
DA:84,0
DA:85,0
DA:86,0
DA:87,0
DA:90,0
DA:97,0
FN:97,UniswapV2LiquidityMathLibrary.getLiquidityValue
FNDA:0,UniswapV2LiquidityMathLibrary.getLiquidityValue
DA:104,0
DA:105,0
DA:106,0
DA:107,0
DA:108,0
DA:109,0
DA:113,0
FN:113,UniswapV2LiquidityMathLibrary.getLiquidityValueAfterArbitrageToPrice
FNDA:0,UniswapV2LiquidityMathLibrary.getLiquidityValueAfterArbitrageToPrice
DA:121,0
DA:122,0
DA:123,0
DA:124,0
DA:125,0
DA:126,0
FNF:5
FNH:0
LF:45
LH:0
BRF:7
BRH:0
end_of_record
TN:
SF:src/periphery/libraries/UniswapV2OracleLibrary.sol
DA:12,0
FN:12,UniswapV2OracleLibrary.currentBlockTimestamp
FNDA:0,UniswapV2OracleLibrary.currentBlockTimestamp
DA:13,0
DA:17,0
FN:17,UniswapV2OracleLibrary.currentCumulativePrices
FNDA:0,UniswapV2OracleLibrary.currentCumulativePrices
DA:20,0
DA:21,0
DA:22,0
DA:25,0
DA:26,0
BRDA:26,0,0,-
DA:28,0
DA:31,0
DA:33,0
FNF:2
FNH:0
LF:11
LH:0
BRF:1
BRH:0
end_of_record
TN:
SF:src/periphery/test/DeflatingERC20.sol
DA:9,0
FN:9,DeflatingERC20.transfer
FNDA:0,DeflatingERC20.transfer
DA:10,0
DA:11,0
DA:12,0
DA:15,0
FN:15,DeflatingERC20.transferFrom
FNDA:0,DeflatingERC20.transferFrom
DA:16,0
DA:17,0
DA:18,0
FNF:2
FNH:0
LF:8
LH:0
BRF:0
BRH:0
end_of_record
TN:
SF:src/periphery/test/ERC20.sol
DA:24,0
FN:24,ERC20.constructor
FNDA:0,ERC20.constructor
DA:25,0
DA:27,0
DA:29,0
DA:38,0
DA:41,0
FN:41,ERC20._mint
FNDA:0,ERC20._mint
DA:42,0
DA:43,0
DA:44,0
DA:47,0
FN:47,ERC20._burn
FNDA:0,ERC20._burn
DA:48,0
DA:49,0
DA:50,0
DA:53,0
FN:53,ERC20._approve
FNDA:0,ERC20._approve
DA:54,0
DA:55,0
DA:58,0
FN:58,ERC20._transfer
FNDA:0,ERC20._transfer
DA:59,0
DA:60,0
DA:61,0
DA:64,0
FN:64,ERC20.approve
FNDA:0,ERC20.approve
DA:65,0
DA:66,0
DA:69,0
FN:69,ERC20.transfer
FNDA:0,ERC20.transfer
DA:70,0
DA:71,0
DA:74,0
FN:74,ERC20.transferFrom
FNDA:0,ERC20.transferFrom
DA:75,0
BRDA:75,0,0,-
DA:76,0
DA:78,0
DA:79,0
DA:82,0
FN:82,ERC20.permit
FNDA:0,ERC20.permit
DA:83,0
BRDA:83,1,0,-
BRDA:83,1,1,-
DA:84,0
DA:91,0
DA:92,0
BRDA:92,2,0,-
BRDA:92,2,1,-
DA:93,0
FNF:9
FNH:0
LF:37
LH:0
BRF:5
BRH:0
end_of_record
TN:
SF:src/periphery/test/RouterEventEmitter.sol
DA:11,0
FN:11,RouterEventEmitter.swapExactTokensForTokens
FNDA:0,RouterEventEmitter.swapExactTokensForTokens
DA:19,0
DA:22,0
DA:23,0
DA:26,0
FN:26,RouterEventEmitter.swapTokensForExactTokens
FNDA:0,RouterEventEmitter.swapTokensForExactTokens
DA:34,0
DA:37,0
DA:38,0
DA:41,0
FN:41,RouterEventEmitter.swapExactETHForTokens
FNDA:0,RouterEventEmitter.swapExactETHForTokens
DA:48,0
DA:51,0
DA:52,0
DA:55,0
FN:55,RouterEventEmitter.swapTokensForExactETH
FNDA:0,RouterEventEmitter.swapTokensForExactETH
DA:63,0
DA:66,0
DA:67,0
DA:70,0
FN:70,RouterEventEmitter.swapExactTokensForETH
FNDA:0,RouterEventEmitter.swapExactTokensForETH
DA:78,0
DA:81,0
DA:82,0
DA:85,0
FN:85,RouterEventEmitter.swapETHForExactTokens
FNDA:0,RouterEventEmitter.swapETHForExactTokens
DA:92,0
DA:95,0
DA:96,0
DA:99,0
FN:99,RouterEventEmitter.emitAmounts
FNDA:0,RouterEventEmitter.emitAmounts
DA:100,0
FNF:7
FNH:0
LF:26
LH:0
BRF:0
BRH:0
end_of_record
TN:
SF:src/periphery/test/WETH9.sol
DA:19,0
FN:19,WETH9.receive
FNDA:0,WETH9.receive
DA:20,0
DA:23,15
FN:23,WETH9.deposit
FNDA:15,WETH9.deposit
DA:24,15
DA:25,15
DA:28,7
FN:28,WETH9.withdraw
FNDA:7,WETH9.withdraw
DA:29,7
BRDA:29,0,0,-
BRDA:29,0,1,-
DA:30,7
DA:31,7
DA:32,7
BRDA:32,1,0,-
BRDA:32,1,1,-
DA:33,7
DA:36,0
FN:36,WETH9.totalSupply
FNDA:0,WETH9.totalSupply
DA:37,0
DA:40,0
FN:40,WETH9.approve
FNDA:0,WETH9.approve
DA:41,0
DA:42,0
DA:43,0
DA:46,22
FN:46,WETH9.transfer
FNDA:22,WETH9.transfer
DA:47,22
DA:50,22
FN:50,WETH9.transferFrom
FNDA:22,WETH9.transferFrom
DA:51,22
BRDA:51,2,0,-
BRDA:51,2,1,-
DA:52,22
BRDA:52,3,0,-
DA:53,0
BRDA:53,4,0,-
BRDA:53,4,1,-
DA:54,0
DA:56,22
DA:57,22
DA:58,22
DA:59,22
FNF:7
FNH:4
LF:28
LH:18
BRF:9
BRH:0
end_of_record
TN:
SF:src/test/InitCodeHashCalculator.sol
DA:7,1
FN:7,InitCodeHashCalculator.getInitCodeHash
FNDA:1,InitCodeHashCalculator.getInitCodeHash
DA:8,1
DA:9,1
FNF:1
FNH:1
LF:3
LH:3
BRF:0
BRH:0
end_of_record
TN:
SF:test/UniswapV2ERC20.t.sol
DA:9,10
FN:9,TestERC20.mint
FNDA:10,TestERC20.mint
DA:10,10
DA:13,2
FN:13,TestERC20.burn
FNDA:2,TestERC20.burn
DA:14,2
FNF:2
FNH:2
LF:4
LH:4
BRF:0
BRH:0
end_of_record
TN:
SF:test/UniswapV2Router02.t.sol
DA:30,70
FN:30,TestERC20.constructor
FNDA:70,TestERC20.constructor
DA:31,70
DA:32,70
DA:35,44
FN:35,TestERC20._approve
FNDA:44,TestERC20._approve
DA:36,44
DA:37,44
DA:40,134
FN:40,TestERC20._transfer
FNDA:134,TestERC20._transfer
DA:41,134
DA:42,134
DA:43,134
DA:46,44
FN:46,TestERC20.approve
FNDA:44,TestERC20.approve
DA:47,44
DA:48,44
DA:51,94
FN:51,TestERC20.transfer
FNDA:94,TestERC20.transfer
DA:52,94
DA:53,94
DA:56,40
FN:56,TestERC20.transferFrom
FNDA:40,TestERC20.transferFrom
DA:57,40
BRDA:57,0,0,38
DA:58,38
DA:60,40
DA:61,40
FNF:6
FNH:6
LF:21
LH:21
BRF:1
BRH:1
end_of_record
